<?xml version="1.0" encoding="UTF-8"?>
<testsuite failures="0" errors="0" skipped="0" tests="2" time="53.511583" name="Cadastrar usuario no site">
<testcase classname="Cadastrar usuario no site" name="Criar um novo cadastro na Casas Bahia (outline example : | &quot;fisica&quot; |)" time="35.644574">
  <system-out>
    <![CDATA[]]>
  </system-out>
  <system-err>
    <![CDATA[]]>
  </system-err>
</testcase>
<testcase classname="Cadastrar usuario no site" name="Criar um novo cadastro na Casas Bahia (outline example : | &quot;juridica&quot; |)" time="17.867008">
  <system-out>
    <![CDATA[]]>
  </system-out>
  <system-err>
    <![CDATA[]]>
  </system-err>
</testcase>
</testsuite>
